 
 1          OPTIONS NONOTES NOSTIMER NOSOURCE NOSYNTAXCHECK;
 72         
 73         
 74         /*********************example_1**************************/
 75         Data Parts;
 76         input machine Deviation @@;
 77         datalines;
 
 NOTE: SAS went to a new line when INPUT statement reached past the end of a line.
 NOTE: The data set WORK.PARTS has 30 observations and 2 variables.
 NOTE: DATA statement used (Total process time):
       real time           0.00 seconds
       cpu time            0.01 seconds
       
 
 83         ;
 84         proc univariate data= Parts noprint;
 85         title "Histogram";
 86         Histogram Deviation /normal midpoints=-0.10 to 0.03 by 0.01;
 87         inset skewness = "Skew" (4.2)
 88         Kurtosis= "Kurtosis" (4.2)/
 89         Pos=NE
 90         Height=4;
 91         run;
 
 NOTE: PROCEDURE UNIVARIATE used (Total process time):
       real time           1.70 seconds
       cpu time            0.54 seconds
       
 
 92         
 93         
 94         /*********************import_excel**************************/
 95         DATA inclass;
 
 NOTE: The data set WORK.INCLASS has 1 observations and 0 variables.
 NOTE: DATA statement used (Total process time):
       real time           0.00 seconds
       cpu time            0.00 seconds
       
 
 96         proc Import out=testfile datafile="/folders/myfolders/data/dataexample.xls" DBMS=xls replace;
 97         sheet="Data";
 98         Getnames=yes;
 99         run;
 
 NOTE: One or more variables were converted because the data type is not supported by the V9 engine. For more details, run with 
       options MSGLEVEL=I.
 NOTE: The import data set has 4 observations and 2 variables.
 NOTE: WORK.TESTFILE data set was successfully created.
 NOTE: PROCEDURE IMPORT used (Total process time):
       real time           0.02 seconds
       cpu time            0.01 seconds
       
 
 100        proc print;
 101        title "import Excel";
 102        run;
 
 NOTE: There were 4 observations read from the data set WORK.TESTFILE.
 NOTE: PROCEDURE PRINT used (Total process time):
       real time           0.03 seconds
       cpu time            0.03 seconds
       
 
 103        
 104        /*********************maze_time**************************/
 105        DATA MAZETIME;
 106        INPUT SUBJECT$ 1-4 SEX$ 5 AGE 6-9 TIME 10-11;
 107        
 108        DATALINES;
 
 NOTE: The data set WORK.MAZETIME has 4 observations and 4 variables.
 NOTE: DATA statement used (Total process time):
       real time           0.00 seconds
       cpu time            0.00 seconds
       
 
 113        ;
 114        /*PROC SORT;
 115        BY SEX;*/
 116        PROC PRINT DATA=MAZETIME;
 117        Title "Maze Time";
 118        ID Subject;
 119        RUN;
 
 NOTE: There were 4 observations read from the data set WORK.MAZETIME.
 NOTE: PROCEDURE PRINT used (Total process time):
       real time           0.03 seconds
       cpu time            0.03 seconds
       
 
 120        
 121        /*********************Program_1_**************************/
 122        DATA program_1_;
 123        /*
 124        ----INITIAL VARIABLES---------------------------
 125        SUBJ  -> Subject Number(Character)
 126        HEIGHT -> Height in inches(Numeric)
 127        WT_INIT -> Initial weight in lbs(Numeric)
 128        WT_FINAL -> Final weight(Numeric)
 129        ------------------------------------------------
 130        */
 131        
 132        input SUBJ$ 1-3 HEIGHT 4-5 WT_INIT 6-8 WT_FINAL 9-11;/*create input variables*/
 133        
 134        /*
 135        ----CALCULATIONS---------------------------------
 136        BMI_INIT = WT_INIT/((HEIGHT)^2)(BMI stands for body mass index)
 137        BMI_FINAL = WT_FINAL/((HEIGHT)^2)
 138        BMI_DIFF = (BMI_FINAL - BMI_INIT)
 139        WT_kg = (WT_INIT/2.2)
 140        HEIGHT_m = 0.0254×(HEIGHT_in)
 141        --------------------------------------------------
 142        */
 143        
 144        WT_INIT_kg = (WT_INIT/2.2);
 145        WT_FINAL_kg = (WT_FINAL/2.2);
 146        HEIGHT_m = 0.0254*(HEIGHT);
 147        BMI_INIT = WT_INIT_kg/((HEIGHT_m)**2);/*BMI_INIT in kg/m*/
 148        BMI_FINAL = WT_FINAL_kg/((HEIGHT_m)**2);
 149        BMI_DIFF = BMI_FINAL-BMI_INIT;
 150        
 151        drop WT_INIT WT_FINAL WT_INIT_kg WT_FINAL_kg HEIGHT_m ;/*drop convertions output*/
 152        
 153        /*DATA INPUT*/
 154        Datalines;
 
 NOTE: The data set WORK.PROGRAM_1_ has 4 observations and 5 variables.
 NOTE: DATA statement used (Total process time):
       real time           0.00 seconds
       cpu time            0.01 seconds
       
 
 159        ;
 160        proc sort;
 161        by SUBJ;*SORT by SUBJ variable;
 162        title "Body Mass Index Calculation";
 
 NOTE: There were 4 observations read from the data set WORK.PROGRAM_1_.
 NOTE: The data set WORK.PROGRAM_1_ has 4 observations and 5 variables.
 NOTE: PROCEDURE SORT used (Total process time):
       real time           0.00 seconds
       cpu time            0.00 seconds
       
 
 163        proc print noobs;*No Observations;
 164        Run;
 
 NOTE: There were 4 observations read from the data set WORK.PROGRAM_1_.
 NOTE: PROCEDURE PRINT used (Total process time):
       real time           0.02 seconds
       cpu time            0.03 seconds
       
 
 165        
 166        /*********************program_1_2a**************************/
 167        DATA program_1_2a;
 168        /*
 169        ----FILE INFO-----------
 170        FILE: MilitaryService.txt
 171        DATA ORDER: Last Name/First Name/Sex/Military Branch/Years of Service
 172        ------------------------
 173        */
 174        infile "/folders/myfolders/data/militaryservice.txt" dlm='/';*Open and external file militaryservice.txt;
 175        input LAST_NAME$ FIRST_NAME$ GENDER$ MILITARY_BRANCH$ YEARS_IN_SERVICE;*input variables;
 
 NOTE: The infile "/folders/myfolders/data/militaryservice.txt" is:
       Filename=/folders/myfolders/data/militaryservice.txt,
       Owner Name=root,Group Name=vboxsf,
       Access Permission=-rwxrwx---,
       Last Modified=16Feb2019:15:07:50,
       File Size (bytes)=676
 
 NOTE: 24 records were read from the infile "/folders/myfolders/data/militaryservice.txt".
       The minimum record length was 18.
       The maximum record length was 30.
 NOTE: The data set WORK.PROGRAM_1_2A has 24 observations and 5 variables.
 NOTE: DATA statement used (Total process time):
       real time           0.01 seconds
       cpu time            0.00 seconds
       
 
 176        proc print;*print all the data from the external file;
 177        title "Military Service List";
 178        run;
 
 NOTE: There were 24 observations read from the data set WORK.PROGRAM_1_2A.
 NOTE: PROCEDURE PRINT used (Total process time):
       real time           0.08 seconds
       cpu time            0.08 seconds
       
 
 179        
 180        /*********************Program_1_2b**************************/
 181        DATA problem_1_2b;
 182        /*
 183        ----FILE INFO-----------
 184        FILE: MilitaryService.txt
 185        DATA ORDER: Last Name/First Name/Sex/Military Branch/Years of Service
 186        ------------------------
 187        */
 188        infile "/folders/myfolders/data/militaryservice.txt" dlm='/';
 189        input LAST_NAME$ FIRST_NAME$ GENDER$ MILITARY_BRANCH$ YEARS_IN_SERVICE;
 
 NOTE: The infile "/folders/myfolders/data/militaryservice.txt" is:
       Filename=/folders/myfolders/data/militaryservice.txt,
       Owner Name=root,Group Name=vboxsf,
       Access Permission=-rwxrwx---,
       Last Modified=16Feb2019:15:07:50,
       File Size (bytes)=676
 
 NOTE: 24 records were read from the infile "/folders/myfolders/data/militaryservice.txt".
       The minimum record length was 18.
       The maximum record length was 30.
 NOTE: The data set WORK.PROBLEM_1_2B has 24 observations and 5 variables.
 NOTE: DATA statement used (Total process time):
       real time           0.01 seconds
       cpu time            0.01 seconds
       
 
 190        proc sort data=problem_1_2b;
 191        by MILITARY_BRANCH;*Sort the data by the military branch;
 
 NOTE: There were 24 observations read from the data set WORK.PROBLEM_1_2B.
 NOTE: The data set WORK.PROBLEM_1_2B has 24 observations and 5 variables.
 NOTE: PROCEDURE SORT used (Total process time):
       real time           0.01 seconds
       cpu time            0.02 seconds
       
 
 192        proc print data=problem_1_2b;
 193        title "Military Service List";
 194        var LAST_NAME GENDER YEARS_IN_SERVICE;*Print the data with the last name , gender and years served;
 195        ID MILITARY_BRANCH;*military branch as the identifier;
 196        by MILITARY_BRANCH;*print by military branch;
 197        sum YEARS_IN_SERVICE;*Sum the years of service for each department;
 198        run;
 
 NOTE: There were 24 observations read from the data set WORK.PROBLEM_1_2B.
 NOTE: PROCEDURE PRINT used (Total process time):
       real time           0.10 seconds
       cpu time            0.10 seconds
       
 
 199        
 200        /*********************Program_1_2c**************************/
 201        DATA problem_1_2c;
 202        /*
 203        ----FILE INFO-----------
 204        FILE: MilitaryService.txt
 205        DATA ORDER: Last Name/First Name/Sex/Military Branch/Years of Service
 206        ------------------------
 207        */
 208        infile "/folders/myfolders/data/militaryservice.txt" dlm='/';
 209        input LAST_NAME$ FIRST_NAME$ GENDER$ MILITARY_BRANCH$ YEARS_IN_SERVICE;
 
 NOTE: The infile "/folders/myfolders/data/militaryservice.txt" is:
       Filename=/folders/myfolders/data/militaryservice.txt,
       Owner Name=root,Group Name=vboxsf,
       Access Permission=-rwxrwx---,
       Last Modified=16Feb2019:15:07:50,
       File Size (bytes)=676
 
 NOTE: 24 records were read from the infile "/folders/myfolders/data/militaryservice.txt".
       The minimum record length was 18.
       The maximum record length was 30.
 NOTE: The data set WORK.PROBLEM_1_2C has 24 observations and 5 variables.
 NOTE: DATA statement used (Total process time):
       real time           0.01 seconds
       cpu time            0.00 seconds
       
 
 210        proc sort data=problem_1_2c;
 211        by MILITARY_BRANCH;*Sort the data by the military branch;
 
 NOTE: There were 24 observations read from the data set WORK.PROBLEM_1_2C.
 NOTE: The data set WORK.PROBLEM_1_2C has 24 observations and 5 variables.
 NOTE: PROCEDURE SORT used (Total process time):
       real time           0.00 seconds
       cpu time            0.01 seconds
       
 
 212        proc print data=problem_1_2c;
 213        title "Military Service List by Branch of Service";
 214        var LAST_NAME GENDER YEARS_IN_SERVICE;*Print the data with the last name , gender and years served;
 215        ID MILITARY_BRANCH;*military branch as the identifier;
 216        by MILITARY_BRANCH;*print by military branch;
 
 NOTE: There were 24 observations read from the data set WORK.PROBLEM_1_2C.
 NOTE: PROCEDURE PRINT used (Total process time):
       real time           0.09 seconds
       cpu time            0.09 seconds
       
 
 217        proc means;
 218        var YEARS_IN_SERVICE;*Find the average number of years served for each military branch;
 219        run;
 
 NOTE: There were 24 observations read from the data set WORK.PROBLEM_1_2C.
 NOTE: PROCEDURE MEANS used (Total process time):
       real time           0.04 seconds
       cpu time            0.04 seconds
       
 
 220        
 221        /*********************Program_1_2d_i**************************/
 222        DATA problem_1_2d_i;
 223        /*
 224        ----FILE INFO-----------
 225        FILE: MilitaryService.txt
 226        DATA ORDER: Last Name/First Name/Sex/Military Branch/Years of Service
 227        ------------------------
 228        */
 229        infile "/folders/myfolders/data/militaryservice.txt" dlm='/';
 230        input LAST_NAME$ FIRST_NAME$ GENDER$ MILITARY_BRANCH$ YEARS_IN_SERVICE;*create input variables;
 
 NOTE: The infile "/folders/myfolders/data/militaryservice.txt" is:
       Filename=/folders/myfolders/data/militaryservice.txt,
       Owner Name=root,Group Name=vboxsf,
       Access Permission=-rwxrwx---,
       Last Modified=16Feb2019:15:07:50,
       File Size (bytes)=676
 
 NOTE: 24 records were read from the infile "/folders/myfolders/data/militaryservice.txt".
       The minimum record length was 18.
       The maximum record length was 30.
 NOTE: The data set WORK.PROBLEM_1_2D_I has 24 observations and 5 variables.
 NOTE: DATA statement used (Total process time):
       real time           0.00 seconds
       cpu time            0.01 seconds
       
 
 231        proc sort data=problem_1_2d_i;
 232        by MILITARY_BRANCH;*Sort the data by the military branch;
 
 NOTE: There were 24 observations read from the data set WORK.PROBLEM_1_2D_I.
 NOTE: The data set WORK.PROBLEM_1_2D_I has 24 observations and 5 variables.
 NOTE: PROCEDURE SORT used (Total process time):
       real time           0.00 seconds
       cpu time            0.00 seconds
       
 
 233        proc print data=problem_1_2d_i;
 234        where YEARS_IN_SERVICE>=10 ;*select observations that meet the condition specified;
 235        title "Military Service List";
 236        var LAST_NAME GENDER YEARS_IN_SERVICE;*Print the data with the last name , gender and years served;
 237        ID MILITARY_BRANCH;*military branch as the identifier;
 238        run;
 
 NOTE: There were 9 observations read from the data set WORK.PROBLEM_1_2D_I.
       WHERE YEARS_IN_SERVICE>=10;
 NOTE: PROCEDURE PRINT used (Total process time):
       real time           0.04 seconds
       cpu time            0.04 seconds
       
 
 239        
 240        /*********************Program_1_2_d_ii**************************/
 241        DATA problem_1_2d_ii;
 242        /*
 243        ----FILE INFO-----------
 244        FILE: MilitaryService.txt
 245        DATA ORDER: Last Name/First Name/Sex/Military Branch/Years of Service
 246        ------------------------
 247        */
 248        infile "/folders/myfolders/data/militaryservice.txt" dlm='/';
 249        input LAST_NAME$ FIRST_NAME$ GENDER$ MILITARY_BRANCH$ YEARS_IN_SERVICE;*create input variables;
 
 NOTE: The infile "/folders/myfolders/data/militaryservice.txt" is:
       Filename=/folders/myfolders/data/militaryservice.txt,
       Owner Name=root,Group Name=vboxsf,
       Access Permission=-rwxrwx---,
       Last Modified=16Feb2019:15:07:50,
       File Size (bytes)=676
 
 NOTE: 24 records were read from the infile "/folders/myfolders/data/militaryservice.txt".
       The minimum record length was 18.
       The maximum record length was 30.
 NOTE: The data set WORK.PROBLEM_1_2D_II has 24 observations and 5 variables.
 NOTE: DATA statement used (Total process time):
       real time           0.01 seconds
       cpu time            0.02 seconds
       
 
 250        proc sort data=problem_1_2d_ii;
 251        by MILITARY_BRANCH;*Sort the data by the military branch;
 
 NOTE: There were 24 observations read from the data set WORK.PROBLEM_1_2D_II.
 NOTE: The data set WORK.PROBLEM_1_2D_II has 24 observations and 5 variables.
 NOTE: PROCEDURE SORT used (Total process time):
       real time           0.00 seconds
       cpu time            0.00 seconds
       
 
 252        proc print data=problem_1_2d_ii;
 253        where YEARS_IN_SERVICE >=5 and YEARS_IN_SERVICE<10;*select observations that meet the condition specified >=5 & <10;
 254        title "Military Service List";
 255        var LAST_NAME GENDER YEARS_IN_SERVICE;*Print the data with the last name , gender and years served;
 256        ID MILITARY_BRANCH;*military branch as the identifier;
 257        run;
 
 NOTE: There were 11 observations read from the data set WORK.PROBLEM_1_2D_II.
       WHERE (YEARS_IN_SERVICE>=5 and YEARS_IN_SERVICE<10);
 NOTE: PROCEDURE PRINT used (Total process time):
       real time           0.05 seconds
       cpu time            0.04 seconds
       
 
 258        
 259        /*********************Program_1_2_d_iii**************************/
 260        DATA Problem_1_2_d_iii;
 261        
 262        /*
 263        ---- SET FILE INFO-----------
 264        FILE: problem_1_2c.sas
 265        DATA ORDER: LAST_NAME GENDER YEARS_IN_SERVICE
 266        ------------------------
 267        */
 268        set PROBLEM_1_2C;*read rows and columns from problem_1_2C table;
 269        if MILITARY_BRANCH="Marines";*Only those rows whose value of MILITARY_BRANCH is Marines are output to the new table ;
 
 NOTE: There were 24 observations read from the data set WORK.PROBLEM_1_2C.
 NOTE: The data set WORK.PROBLEM_1_2_D_III has 6 observations and 5 variables.
 NOTE: DATA statement used (Total process time):
       real time           0.00 seconds
       cpu time            0.01 seconds
       
 
 270        proc print;
 271        TITLE "MILITARY SERVICE MARINES LIST";
 272        run;
 
 NOTE: There were 6 observations read from the data set WORK.PROBLEM_1_2_D_III.
 NOTE: PROCEDURE PRINT used (Total process time):
       real time           0.04 seconds
       cpu time            0.04 seconds
       
 
 273        
 274        
 275        
 276        
 277        OPTIONS NONOTES NOSTIMER NOSOURCE NOSYNTAXCHECK;
 290        